<?xml version="1.0" encoding="UTF-8"?>
<testsuite xmlns:xsi="http://www.w3.org/2001/XMLSchema-instance" xsi:schemaLocation="https://maven.apache.org/surefire/maven-surefire-plugin/xsd/surefire-test-report.xsd" name="com.ykundlas.bullsandcows.data.BullsAndCowsGameDatabaseDaoTest" time="3.983" tests="4" errors="0" skipped="0" failures="0">
  <properties>
[...]
</properties>
  <testcase name="testGetAllGames" classname="com.ykundlas.bullsandcows.data.BullsAndCowsGameDatabaseDaoTest" time="0.765"/>
  <testcase name="testUpdateGame" classname="com.ykundlas.bullsandcows.data.BullsAndCowsGameDatabaseDaoTest" time="0.016"/>
  <testcase name="testDeleteGame" classname="com.ykundlas.bullsandcows.data.BullsAndCowsGameDatabaseDaoTest" time="0.046"/>
  <testcase name="testAddGameFindGameById" classname="com.ykundlas.bullsandcows.data.BullsAndCowsGameDatabaseDaoTest" time="0.016"/>
</testsuite>